# Mask name, center:
CetusIII           2:05:10.30   -4:15:11.5  2000.0 PA=-52.00 ##

#  Guider center:    2:05:07.94   -4:13:10.6

# Selected Objects:

1                   2:05:05.6  -04:15:20.3 2000.0 20.008 r   50 1 1
2                   2:05:17.1  -04:16:15.1 2000.0 20.196 r   50 1 1
3                   2:05:07.9  -04:18:58.8 2000.0 20.842 r   50 1 1
4                   2:05:22.6  -04:16:23.9 2000.0 21.265 r   50 1 1
5                   2:05:24.2  -04:16:25.5 2000.0 21.735 r   40 1 1
6                   2:05:21.5  -04:16:08.0 2000.0 21.748 r   40 1 1
7                   2:05:08.3  -04:18:27.7 2000.0 21.771 r   40 1 1
8                   2:05:05.0  -04:17:29.0 2000.0 21.926 r   40 1 1
9                   2:05:13.0  -04:16:02.1 2000.0 22.072 r   30 1 1
10                  2:05:13.4  -04:18:31.5 2000.0 22.186 r   30 1 1
11                  2:05:14.3  -04:15:46.7 2000.0 22.236 r   30 1 1
12                  2:05:07.3  -04:13:00.6 2000.0 22.275 r   30 1 1
13                  2:05:02.5  -04:14:00.8 2000.0 22.479 r   30 1 1
28                  2:05:20.0  -04:21:03.7 2000.0 18.679 r    5 2 1
42                 02:04:41.7  -04:12:02.3 2000.0 19.065 r    5 2 1
52                 02:04:46.0  -04:12:36.9 2000.0 19.243 r    5 2 1
54                 02:05:33.2  -04:21:08.3 2000.0 19.489 r    5 2 1
55                 02:05:35.2  -04:19:33.1 2000.0 19.499 r    5 2 1
57                  2:05:20.1  -04:19:59.8 2000.0 19.537 r    4 2 1
78                 02:04:42.2  -04:12:10.9 2000.0 20.292 r    4 2 1
88                  2:05:30.4  -04:20:22.7 2000.0 20.567 r    3 2 1
90                  2:05:10.4  -04:14:38.5 2000.0 20.576 r    3 2 1
103                02:04:55.8  -04:15:04.3 2000.0 20.712 r    3 2 1
112                 2:05:14.0  -04:14:16.4 2000.0 20.814 r    3 2 1
118                 2:05:20.0  -04:19:16.8 2000.0 20.848 r    3 2 1
128                02:04:57.3  -04:13:24.8 2000.0 20.972 r    3 2 1
135                 2:05:26.7  -04:17:28.0 2000.0 21.055 r    3 2 1
156                 2:05:14.3  -04:18:04.6 2000.0 21.272 r    3 2 1
164                 2:05:09.6  -04:14:41.6 2000.0 21.365 r    3 2 1
168                 2:05:07.9  -04:13:30.1 2000.0 21.395 r    3 2 1
170                02:04:55.3  -04:15:44.9 2000.0 21.409 r    3 2 1
186                02:05:33.0  -04:20:40.7 2000.0 21.588 r    2 2 1
197                02:04:52.4  -04:15:22.7 2000.0 21.721 r    2 2 1
198                02:05:00.1  -04:13:13.6 2000.0 21.732 r    2 2 1
203                 2:05:09.0  -04:13:40.4 2000.0 21.753 r    2 2 1
207                02:04:53.2  -04:12:54.9 2000.0 21.803 r    2 2 1
216                 2:05:04.7  -04:14:53.8 2000.0 21.839 r    2 2 1
221                 2:05:32.1  -04:18:33.3 2000.0 21.850 r    2 2 1
234                02:04:50.2  -04:09:49.7 2000.0 21.957 r    2 2 1
S00232121634     02:05:08.965 -04:15:16.26 2000.0 17.68 r   -1 3 1
S00232121255     02:05:16.212 -04:19:48.71 2000.0 15.84 r   -2 3 1
S00232121423     02:05:12.802 -04:18:07.80 2000.0 17.59 r   -2 3 1
S00232121407     02:05:31.002 -04:18:15.44 2000.0 16.23 r   -2 3 1
S00232121053     02:05:28.732 -04:21:13.64 2000.0 16.17 r   -2 3 1
S00232121823     02:05:05.882 -04:12:04.60 2000.0 17.25 r   -1 3 1
S00232121770     02:05:06.762 -04:12:56.85 2000.0 17.21 r   -1 3 1
S00232121911     02:04:48.459 -04:10:35.28 2000.0 18.23 r   -2 3 1
S00232121786     02:04:54.594 -04:12:40.67 2000.0 18.36 r   -2 3 1
S00232121720     02:04:56.657 -04:13:50.79 2000.0 18.30 r   -2 3 1
sky1              02:04:47.20  -04:11:50.0 2000.0 24.00 r    1 4 1
sky2              02:04:50.00  -04:12:45.9 2000.0 24.00 r    1 4 1
sky3              02:04:55.20  -04:13:20.0 2000.0 24.00 r    1 4 1

# Selected Guide Stars:

# S00232121634  2:05:08.97  -4:15:16.3 17.68_r  TV(x,y)=  933.5   69.6 ##
# S00232121823  2:05:05.88  -4:12:04.6 17.25_r  TV(x,y)=  199.6  677.1 ##
# S00232121770  2:05:06.76  -4:12:56.9 17.21_r  TV(x,y)=  404.4  514.5 ##

# Non-Selected Objects:

14                  2:05:28.5  -04:11:59.6 2000.0 18.239 r    5 2 0
15                 02:06:00.5  -04:26:32.6 2000.0 18.398 r    5 2 0
16                 02:05:40.4  -04:28:38.2 2000.0 18.411 r    5 2 0
17                 02:05:26.4  -04:04:05.4 2000.0 18.432 r    5 2 0
18                 02:06:10.0  -04:09:42.2 2000.0 18.477 r    5 2 0
19                 02:04:44.2  -04:16:03.0 2000.0 18.483 r    5 2 0
20                 02:05:25.6  -04:06:11.5 2000.0 18.527 r    5 2 0
21                 02:05:48.5  -04:06:45.8 2000.0 18.538 r    5 2 0
22                 02:05:50.7  -04:25:13.6 2000.0 18.612 r    5 2 0
23                 02:04:53.9  -04:08:38.1 2000.0 18.633 r    5 2 0
24                 02:05:05.5  -04:05:01.9 2000.0 18.663 r    5 2 0
25                 02:04:39.8  -04:10:56.6 2000.0 18.668 r    5 2 0
26                 02:04:24.9  -04:16:34.2 2000.0 18.670 r    5 2 0
27                 02:04:57.6  -04:22:02.6 2000.0 18.674 r    5 2 0
29                 02:05:27.2  -04:24:44.9 2000.0 18.751 r    5 2 0
30                  2:05:36.3  -04:17:11.3 2000.0 18.848 r    5 2 0
31                 02:05:49.9  -04:10:18.3 2000.0 18.855 r    5 2 0
32                 02:05:40.0  -04:13:54.0 2000.0 18.863 r    5 2 0
33                 02:04:50.3  -04:25:23.0 2000.0 18.871 r    5 2 0
34                 02:05:06.4  -04:29:02.4 2000.0 18.884 r    5 2 0
35                 02:05:16.2  -04:02:22.3 2000.0 18.890 r    5 2 0
36                 02:05:34.5  -04:27:47.7 2000.0 18.898 r    5 2 0
37                 02:04:52.6  -04:08:47.1 2000.0 18.925 r    5 2 0
38                 02:05:28.1  -04:08:46.6 2000.0 18.930 r    5 2 0
39                 02:04:36.4  -04:09:24.1 2000.0 18.941 r    5 2 0
40                 02:05:28.0  -04:06:27.7 2000.0 18.961 r    5 2 0
41                 02:05:37.1  -04:11:35.5 2000.0 19.018 r    5 2 0
43                 02:04:55.3  -04:26:50.6 2000.0 19.081 r    5 2 0
44                 02:05:39.1  -04:10:41.1 2000.0 19.082 r    5 2 0
45                 02:05:21.8  -04:26:25.8 2000.0 19.082 r    5 2 0
46                 02:06:02.3  -04:19:13.7 2000.0 19.083 r    5 2 0
47                 02:05:59.4  -04:22:29.9 2000.0 19.089 r    5 2 0
48                 02:04:46.2  -04:06:15.9 2000.0 19.109 r    5 2 0
49                 02:06:03.8  -04:19:38.7 2000.0 19.151 r    5 2 0
50                 02:05:32.3  -04:20:07.2 2000.0 19.179 r    5 2 0
51                 02:04:58.4  -04:06:36.6 2000.0 19.194 r    5 2 0
53                 02:05:37.4  -04:24:06.0 2000.0 19.283 r    5 2 0
56                 02:06:07.5  -04:22:42.2 2000.0 19.518 r    4 2 0
58                 02:05:52.0  -04:18:12.6 2000.0 19.578 r    4 2 0
59                  2:05:32.7  -04:16:57.5 2000.0 19.606 r    4 2 0
60                 02:05:41.8  -04:20:23.3 2000.0 19.634 r    4 2 0
61                 02:05:26.8  -04:23:15.0 2000.0 19.645 r    4 2 0
62                 02:06:00.8  -04:17:42.0 2000.0 19.654 r    4 2 0
63                 02:04:46.2  -04:06:21.0 2000.0 19.767 r    4 2 0
64                  2:05:25.9  -04:12:30.2 2000.0 19.790 r    4 2 0
65                 02:05:09.3  -04:09:41.3 2000.0 19.808 r    4 2 0
66                 02:05:55.7  -04:17:03.4 2000.0 19.808 r    4 2 0
67                 02:05:42.9  -04:22:43.7 2000.0 19.814 r    4 2 0
68                 02:05:30.6  -04:25:00.8 2000.0 19.894 r    4 2 0
69                 02:05:42.0  -04:16:46.0 2000.0 19.933 r    4 2 0
70                 02:05:59.1  -04:26:45.1 2000.0 19.992 r    4 2 0
71                 02:06:04.3  -04:14:46.8 2000.0 20.052 r    4 2 0
72                 02:06:07.6  -04:23:10.6 2000.0 20.077 r    4 2 0
73                 02:05:39.0  -04:22:12.6 2000.0 20.088 r    4 2 0
74                 02:05:09.8  -04:30:21.7 2000.0 20.120 r    4 2 0
75                 02:04:34.9  -04:24:00.3 2000.0 20.241 r    4 2 0
76                 02:05:45.8  -04:09:01.3 2000.0 20.241 r    4 2 0
77                 02:05:57.0  -04:25:09.6 2000.0 20.268 r    4 2 0
79                 02:05:30.5  -04:23:48.5 2000.0 20.307 r    4 2 0
80                 02:06:03.9  -04:11:05.1 2000.0 20.321 r    4 2 0
81                 02:05:43.6  -04:13:37.2 2000.0 20.364 r    4 2 0
82                 02:04:57.2  -04:21:13.3 2000.0 20.384 r    4 2 0
83                 02:05:53.5  -04:15:05.6 2000.0 20.399 r    4 2 0
84                 02:06:13.6  -04:19:20.8 2000.0 20.415 r    4 2 0
85                 02:05:15.0  -04:25:28.9 2000.0 20.504 r    3 2 0
86                 02:05:50.4  -04:13:40.8 2000.0 20.527 r    3 2 0
87                 02:05:18.2  -04:06:58.4 2000.0 20.527 r    3 2 0
89                 02:05:43.3  -04:16:10.2 2000.0 20.574 r    3 2 0
91                 02:04:32.0  -04:18:24.6 2000.0 20.581 r    3 2 0
92                 02:04:38.0  -04:07:04.0 2000.0 20.583 r    3 2 0
93                  2:05:16.6  -04:12:10.0 2000.0 20.597 r    3 2 0
94                 02:06:04.4  -04:06:31.5 2000.0 20.618 r    3 2 0
95                 02:05:07.3  -04:10:41.3 2000.0 20.621 r    3 2 0
96                 02:04:45.4  -04:18:03.6 2000.0 20.652 r    3 2 0
97                 02:05:46.8  -04:08:18.5 2000.0 20.654 r    3 2 0
98                 02:05:08.1  -04:09:32.7 2000.0 20.662 r    3 2 0
99                 02:04:49.7  -04:17:59.0 2000.0 20.663 r    3 2 0
100                02:05:25.9  -04:23:46.0 2000.0 20.665 r    3 2 0
101                02:05:12.0  -04:27:49.4 2000.0 20.707 r    3 2 0
102                02:04:54.0  -04:06:28.8 2000.0 20.708 r    3 2 0
104                02:05:50.9  -04:25:15.6 2000.0 20.721 r    3 2 0
105                02:05:03.1  -04:07:54.8 2000.0 20.724 r    3 2 0
106                02:04:53.6  -04:25:31.6 2000.0 20.730 r    3 2 0
107                02:04:28.2  -04:11:18.9 2000.0 20.735 r    3 2 0
108                02:05:15.7  -04:02:35.1 2000.0 20.764 r    3 2 0
109                02:05:43.3  -04:17:12.4 2000.0 20.784 r    3 2 0
110                 2:05:15.8  -04:12:52.9 2000.0 20.785 r    3 2 0
111                02:05:11.4  -04:04:46.6 2000.0 20.791 r    3 2 0
113                02:06:00.7  -04:14:46.7 2000.0 20.817 r    3 2 0
114                02:05:25.5  -04:01:53.3 2000.0 20.824 r    3 2 0
115                02:06:11.6  -04:20:22.0 2000.0 20.826 r    3 2 0
116                02:04:36.6  -04:12:07.0 2000.0 20.844 r    3 2 0
117                02:05:17.0  -04:31:06.0 2000.0 20.845 r    3 2 0
119                02:05:40.6  -04:06:46.2 2000.0 20.853 r    3 2 0
120                02:05:38.6  -04:08:22.2 2000.0 20.853 r    3 2 0
121                02:04:49.0  -04:16:50.1 2000.0 20.854 r    3 2 0
122                 2:05:05.3  -04:17:08.2 2000.0 20.889 r    3 2 0
123                02:05:36.4  -04:22:08.6 2000.0 20.911 r    3 2 0
124                02:04:29.3  -04:14:05.5 2000.0 20.938 r    3 2 0
125                02:05:57.5  -04:14:09.8 2000.0 20.939 r    3 2 0
126                02:05:06.0  -04:07:55.0 2000.0 20.969 r    3 2 0
127                 2:05:23.3  -04:16:50.3 2000.0 20.972 r    3 2 0
129                02:05:20.4  -04:08:23.9 2000.0 20.976 r    3 2 0
130                02:06:01.7  -04:17:49.5 2000.0 20.979 r    3 2 0
131                02:05:14.2  -04:05:50.6 2000.0 21.007 r    3 2 0
132                02:05:43.3  -04:16:07.2 2000.0 21.019 r    3 2 0
133                02:05:32.7  -04:27:42.4 2000.0 21.037 r    3 2 0
134                02:05:40.2  -04:21:11.7 2000.0 21.044 r    3 2 0
136                 2:05:12.8  -04:12:24.2 2000.0 21.055 r    3 2 0
137                02:04:51.1  -04:03:30.7 2000.0 21.065 r    3 2 0
138                02:04:23.3  -04:15:05.0 2000.0 21.111 r    3 2 0
139                02:05:47.3  -04:07:53.1 2000.0 21.121 r    3 2 0
140                02:04:29.2  -04:17:48.7 2000.0 21.127 r    3 2 0
141                02:05:06.0  -04:08:22.4 2000.0 21.136 r    3 2 0
142                02:05:25.0  -04:26:30.9 2000.0 21.142 r    3 2 0
143                02:05:14.0  -04:06:02.0 2000.0 21.149 r    3 2 0
144                02:04:29.9  -04:12:01.0 2000.0 21.151 r    3 2 0
145                02:04:31.6  -04:22:35.1 2000.0 21.154 r    3 2 0
146                02:04:37.9  -04:06:24.2 2000.0 21.161 r    3 2 0
147                02:05:13.4  -04:08:46.7 2000.0 21.163 r    3 2 0
148                 2:05:28.1  -04:12:09.7 2000.0 21.184 r    3 2 0
149                02:06:01.8  -04:11:47.4 2000.0 21.185 r    3 2 0
150                02:05:19.8  -04:10:43.1 2000.0 21.190 r    3 2 0
151                02:05:44.1  -04:23:00.3 2000.0 21.218 r    3 2 0
152                02:05:39.9  -04:25:18.2 2000.0 21.219 r    3 2 0
153                02:05:08.6  -04:09:20.9 2000.0 21.220 r    3 2 0
154                02:05:19.9  -04:05:04.4 2000.0 21.221 r    3 2 0
155                02:05:39.7  -04:30:01.7 2000.0 21.272 r    3 2 0
157                 2:05:00.8  -04:17:51.5 2000.0 21.277 r    3 2 0
158                02:05:50.4  -04:18:26.9 2000.0 21.286 r    3 2 0
159                 2:05:06.6  -04:19:29.0 2000.0 21.298 r    3 2 0
160                02:04:40.6  -04:11:05.8 2000.0 21.299 r    3 2 0
161                02:05:18.6  -04:08:09.6 2000.0 21.310 r    3 2 0
162                02:06:12.8  -04:20:10.0 2000.0 21.341 r    3 2 0
163                02:05:16.0  -04:03:54.5 2000.0 21.364 r    3 2 0
165                02:05:45.6  -04:09:13.1 2000.0 21.373 r    3 2 0
166                02:05:17.4  -04:06:26.9 2000.0 21.373 r    3 2 0
167                02:05:56.1  -04:17:13.7 2000.0 21.378 r    3 2 0
169                02:05:07.3  -04:22:09.6 2000.0 21.395 r    3 2 0
171                02:05:39.9  -04:19:40.6 2000.0 21.421 r    3 2 0
172                 2:05:12.1  -04:13:31.1 2000.0 21.432 r    3 2 0
173                02:05:44.9  -04:09:56.4 2000.0 21.448 r    3 2 0
174                02:04:24.0  -04:18:19.3 2000.0 21.462 r    3 2 0
175                02:04:34.8  -04:16:17.1 2000.0 21.464 r    3 2 0
176                02:05:48.3  -04:20:08.5 2000.0 21.469 r    3 2 0
177                02:04:51.8  -04:06:56.5 2000.0 21.494 r    3 2 0
178                02:05:33.8  -04:08:54.0 2000.0 21.504 r    2 2 0
179                02:04:44.3  -04:07:07.3 2000.0 21.542 r    2 2 0
180                02:04:56.6  -04:06:15.5 2000.0 21.549 r    2 2 0
181                02:05:51.4  -04:27:24.7 2000.0 21.550 r    2 2 0
182                02:04:46.2  -04:18:25.5 2000.0 21.560 r    2 2 0
183                02:04:38.6  -04:17:40.1 2000.0 21.561 r    2 2 0
184                02:05:10.0  -04:10:27.7 2000.0 21.564 r    2 2 0
185                02:06:09.2  -04:16:47.6 2000.0 21.573 r    2 2 0
187                02:04:56.8  -04:17:51.9 2000.0 21.589 r    2 2 0
188                02:05:50.5  -04:26:09.8 2000.0 21.601 r    2 2 0
189                02:05:38.5  -04:21:23.3 2000.0 21.601 r    2 2 0
190                 2:05:08.3  -04:19:26.8 2000.0 21.617 r    2 2 0
191                02:04:59.2  -04:20:54.5 2000.0 21.660 r    2 2 0
192                02:06:18.4  -04:13:35.2 2000.0 21.670 r    2 2 0
193                02:05:45.6  -04:14:39.6 2000.0 21.674 r    2 2 0
194                02:04:33.4  -04:20:44.3 2000.0 21.675 r    2 2 0
195                02:04:49.4  -04:26:53.4 2000.0 21.680 r    2 2 0
196                02:05:19.8  -04:02:30.1 2000.0 21.686 r    2 2 0
199                02:06:05.4  -04:19:07.3 2000.0 21.739 r    2 2 0
200                02:06:14.3  -04:15:24.6 2000.0 21.742 r    2 2 0
201                02:04:46.6  -04:16:10.6 2000.0 21.747 r    2 2 0
202                02:06:05.8  -04:15:15.2 2000.0 21.752 r    2 2 0
204                02:05:10.3  -04:02:23.9 2000.0 21.755 r    2 2 0
205                02:05:37.2  -04:28:37.9 2000.0 21.766 r    2 2 0
206                02:05:19.7  -04:28:22.4 2000.0 21.791 r    2 2 0
208                 2:05:27.0  -04:11:36.0 2000.0 21.810 r    2 2 0
209                 2:05:02.5  -04:15:13.9 2000.0 21.818 r    2 2 0
210                02:05:00.3  -04:23:25.6 2000.0 21.818 r    2 2 0
211                02:05:01.6  -04:01:57.2 2000.0 21.824 r    2 2 0
212                02:05:42.5  -04:02:58.7 2000.0 21.827 r    2 2 0
213                02:05:51.6  -04:09:59.2 2000.0 21.829 r    2 2 0
214                02:05:56.1  -04:15:08.3 2000.0 21.829 r    2 2 0
215                02:05:31.8  -04:10:04.1 2000.0 21.838 r    2 2 0
217                02:05:52.3  -04:08:13.7 2000.0 21.846 r    2 2 0
218                02:04:46.6  -04:09:12.4 2000.0 21.847 r    2 2 0
219                02:04:28.2  -04:15:09.1 2000.0 21.847 r    2 2 0
220                02:05:39.2  -04:26:41.2 2000.0 21.849 r    2 2 0
222                02:04:31.6  -04:23:42.7 2000.0 21.866 r    2 2 0
223                02:05:16.3  -04:21:13.4 2000.0 21.873 r    2 2 0
224                02:04:52.0  -04:24:51.6 2000.0 21.882 r    2 2 0
225                02:05:33.5  -04:11:52.4 2000.0 21.882 r    2 2 0
226                02:05:49.8  -04:15:44.8 2000.0 21.891 r    2 2 0
227                02:06:08.0  -04:14:17.5 2000.0 21.895 r    2 2 0
228                02:05:34.5  -04:28:56.8 2000.0 21.900 r    2 2 0
229                02:05:05.8  -04:29:28.0 2000.0 21.931 r    2 2 0
230                02:04:39.0  -04:15:45.4 2000.0 21.934 r    2 2 0
231                02:04:34.5  -04:15:28.0 2000.0 21.946 r    2 2 0
232                02:06:12.4  -04:18:54.9 2000.0 21.954 r    2 2 0
233                02:04:20.7  -04:16:40.2 2000.0 21.957 r    2 2 0
235                02:05:54.4  -04:04:03.1 2000.0 21.959 r    2 2 0
236                02:04:42.2  -04:20:40.3 2000.0 21.959 r    2 2 0
237                02:05:46.6  -04:14:18.3 2000.0 21.962 r    2 2 0
238                02:05:20.9  -04:24:44.8 2000.0 21.964 r    2 2 0
239                02:05:12.3  -04:21:16.2 2000.0 21.966 r    2 2 0
240                02:05:55.6  -04:07:48.3 2000.0 21.970 r    2 2 0
241                02:05:17.6  -04:10:07.9 2000.0 21.972 r    2 2 0
242                02:05:46.6  -04:16:44.2 2000.0 21.973 r    2 2 0
243                02:05:39.4  -04:30:02.5 2000.0 21.988 r    2 2 0
244                02:05:18.2  -04:09:33.9 2000.0 21.993 r    2 2 0
245                02:05:27.0  -04:04:40.6 2000.0 21.999 r    2 2 0
S00232122236     02:05:31.440 -04:06:03.55 2000.0 17.17 r   -2 3 0
S00232122120     02:05:32.593 -04:07:30.03 2000.0 16.27 r   -2 3 0
S00232122116     02:05:30.956 -04:07:31.50 2000.0 16.79 r   -2 3 0
S00232121972     02:05:25.631 -04:09:34.35 2000.0 15.18 r   -2 3 0
S00232121993     02:05:49.778 -04:09:08.79 2000.0 17.19 r   -2 3 0
S00232122160     02:05:36.773 -04:06:55.31 2000.0 17.99 r   -2 3 0
S00232122119     02:05:44.125 -04:07:28.44 2000.0 17.88 r   -2 3 0
S0023212612      02:05:10.988 -04:26:25.52 2000.0 17.24 r   -2 3 0
S00232121488     02:04:54.209 -04:17:19.42 2000.0 15.24 r   -2 3 0
S00232121445     02:04:57.283 -04:17:51.94 2000.0 16.68 r   -2 3 0
S00232121362     02:05:16.539 -04:18:44.64 2000.0 16.05 r   -2 3 0
S00232121237     02:05:12.531 -04:19:55.65 2000.0 17.39 r   -2 3 0
S00232121007     02:05:20.520 -04:21:29.71 2000.0 17.78 r   -2 3 0
S0023212797      02:04:55.029 -04:23:28.94 2000.0 15.40 r   -2 3 0
S0023212750      02:04:50.298 -04:24:14.44 2000.0 16.82 r   -2 3 0
S0023212707      02:04:47.190 -04:24:47.15 2000.0 17.82 r   -2 3 0
S0023212648      02:05:03.949 -04:25:49.58 2000.0 15.41 r   -2 3 0
S00232121882     02:05:24.635 -04:11:01.90 2000.0 16.02 r   -2 3 0
S00232121881     02:05:27.825 -04:11:02.27 2000.0 17.76 r   -2 3 0
S00232121836     02:05:32.317 -04:11:50.26 2000.0 17.36 r   -2 3 0
S00232121783     02:05:45.178 -04:12:38.85 2000.0 16.39 r   -2 3 0
S00232121697     02:05:43.607 -04:14:12.51 2000.0 15.51 r   -2 3 0
S00232121677     02:05:41.655 -04:14:36.82 2000.0 16.22 r   -2 3 0
S00232121676     02:05:43.725 -04:14:34.23 2000.0 18.00 r   -2 3 0
S00232121644     02:05:35.288 -04:15:07.25 2000.0 18.11 r   -2 3 0
S00232121624     02:05:36.100 -04:15:26.47 2000.0 17.61 r   -2 3 0
S00232121608     02:05:39.118 -04:15:41.13 2000.0 16.58 r   -2 3 0
S00232121600     02:05:37.061 -04:15:45.08 2000.0 17.94 r   -2 3 0
S00232121789     02:05:36.241 -04:12:35.58 2000.0 16.56 r   -2 3 0
S0023212934      02:05:38.568 -04:22:09.50 2000.0 17.48 r   -2 3 0
S0023212919      02:05:29.440 -04:22:15.85 2000.0 17.99 r   -2 3 0
S0023212783      02:05:36.248 -04:23:31.99 2000.0 17.56 r   -2 3 0
S0023212694      02:05:33.835 -04:25:03.70 2000.0 16.68 r   -2 3 0
S00232121607     02:05:59.167 -04:15:39.91 2000.0 16.61 r   -2 3 0
S00232121594     02:05:49.625 -04:15:48.10 2000.0 18.33 r   -2 3 0
S00232121800     02:05:56.563 -04:12:26.52 2000.0 16.84 r   -2 3 0
S00232121339     02:05:41.477 -04:18:54.68 2000.0 15.15 r   -2 3 0
S00232121527     02:05:48.270 -04:16:39.89 2000.0 17.40 r   -2 3 0
S00232121433     02:05:46.941 -04:17:53.91 2000.0 17.80 r   -2 3 0
S00232121305     02:05:49.497 -04:19:10.25 2000.0 17.07 r   -2 3 0
S00232121909     02:05:09.918 -04:10:39.45 2000.0 16.38 r   -2 3 0
S00232121919     02:05:14.517 -04:10:29.92 2000.0 17.02 r   -2 3 0
S00232121785     02:04:40.231 -04:12:44.78 2000.0 16.93 r   -2 3 0
S00232121538     02:04:41.231 -04:16:39.69 2000.0 18.37 r   -2 3 0
S00232121306     02:04:48.085 -04:19:15.19 2000.0 18.18 r   -2 3 0
S00232121225     02:04:45.092 -04:20:08.97 2000.0 16.24 r   -2 3 0
S00232121687     02:04:43.407 -04:14:29.34 2000.0 17.34 r   -2 3 0
S00232121650     02:04:32.156 -04:15:03.64 2000.0 17.81 r   -2 3 0
S00232121524     02:04:37.620 -04:16:47.85 2000.0 16.16 r   -2 3 0
S00232121308     02:04:30.967 -04:19:14.31 2000.0 18.32 r   -2 3 0
S00232121542     02:04:25.590 -04:16:35.10 2000.0 18.08 r   -2 3 0
S00232122212     02:05:15.945 -04:06:25.53 2000.0 15.61 r   -2 3 0
S00232122206     02:05:09.152 -04:06:29.26 2000.0 15.35 r   -2 3 0
S00232121968     02:05:10.513 -04:09:38.01 2000.0 17.23 r   -2 3 0
S00232121947     02:05:03.761 -04:09:59.73 2000.0 16.73 r   -2 3 0
S00232122246     02:04:48.062 -04:06:01.56 2000.0 16.89 r   -2 3 0
S00232122228     02:04:49.405 -04:06:11.44 2000.0 17.37 r   -2 3 0
S00232122252     02:04:54.065 -04:05:55.05 2000.0 17.59 r   -2 3 0
S00232122134     02:04:54.018 -04:07:21.93 2000.0 18.30 r   -2 3 0
S00232122071     02:04:53.671 -04:08:04.90 2000.0 16.24 r   -2 3 0
